c:\users\ges2sf\everything\diploma\diploma\gui\gui\x64\debug\vc143.pdb
c:\users\ges2sf\everything\diploma\diploma\gui\gui\x64\debug\vc143.idb
c:\users\ges2sf\everything\diploma\diploma\gui\gui\x64\debug\serialib.obj
c:\users\ges2sf\everything\diploma\diploma\gui\gui\x64\debug\sdlserialvisualizer.obj
c:\users\ges2sf\everything\diploma\diploma\gui\gui\x64\debug\numberdisplay.obj
c:\users\ges2sf\everything\diploma\diploma\gui\gui\x64\debug\main.obj
c:\users\ges2sf\everything\diploma\diploma\gui\gui\x64\debug\colorunits.obj
c:\users\ges2sf\everything\diploma\diploma\gui\gui\x64\debug\button.obj
c:\users\stefa\source\diploma_git\diploma\gui\gui\x64\debug\vc143.pdb
c:\users\stefa\source\diploma_git\diploma\gui\gui\x64\debug\vc143.idb
c:\users\stefa\source\diploma_git\diploma\gui\gui\x64\debug\colorunits.obj
c:\users\stefa\source\diploma_git\diploma\gui\gui\x64\debug\serialib.obj
c:\users\ges2sf\everything\diploma\diploma\gui\x64\debug\gui.exe
c:\users\ges2sf\everything\diploma\diploma\gui\x64\debug\gui.pdb
c:\users\ges2sf\everything\diploma\diploma\gui\gui\x64\debug\gui.ilk
c:\users\stefa\source\diploma_git\diploma\gui\gui\x64\debug\button.obj
c:\users\stefa\source\diploma_git\diploma\gui\gui\x64\debug\main.obj
c:\users\stefa\source\diploma_git\diploma\gui\gui\x64\debug\numberdisplay.obj
c:\users\stefa\source\diploma_git\diploma\gui\gui\x64\debug\main.obj.enc
c:\users\stefa\source\diploma_git\diploma\gui\gui\x64\debug\gui.ilk
c:\users\stefa\source\diploma_git\diploma\gui\x64\debug\gui.pdb
c:\users\stefa\source\diploma_git\diploma\gui\x64\debug\gui.exe
c:\users\stefa\source\diploma_git\diploma\gui\gui\x64\debug\gui.tlog\cl.command.1.tlog
c:\users\stefa\source\diploma_git\diploma\gui\gui\x64\debug\gui.tlog\cl.items.tlog
c:\users\stefa\source\diploma_git\diploma\gui\gui\x64\debug\gui.tlog\cl.read.1.tlog
c:\users\stefa\source\diploma_git\diploma\gui\gui\x64\debug\gui.tlog\cl.write.1.tlog
c:\users\stefa\source\diploma_git\diploma\gui\gui\x64\debug\gui.tlog\link.command.1.tlog
c:\users\stefa\source\diploma_git\diploma\gui\gui\x64\debug\gui.tlog\link.read.1.tlog
c:\users\stefa\source\diploma_git\diploma\gui\gui\x64\debug\gui.tlog\link.secondary.1.tlog
c:\users\stefa\source\diploma_git\diploma\gui\gui\x64\debug\gui.tlog\link.write.1.tlog
